c:\users\dot72\desktop\school stuff\comp 371\projects\project_1.2\comp371_project\project\framework\build\debug\vc142.pdb
c:\users\dot72\desktop\school stuff\comp 371\projects\project_1.2\comp371_project\project\framework\build\debug\vc142.idb
c:\users\dot72\desktop\school stuff\comp 371\projects\project_1.2\comp371_project\project\framework\build\debug\stb_image.obj
c:\users\dot72\desktop\school stuff\comp 371\projects\project_1.2\comp371_project\project\framework\build\debug\main.obj
c:\users\dot72\desktop\school stuff\comp 371\projects\project_1.2\comp371_project\project\framework\build\debug\cube.obj
c:\users\dot72\desktop\school stuff\comp 371\projects\project_1.2\comp371_project\project\framework\build\debug\sphere.obj
c:\users\dot72\desktop\school stuff\comp 371\projects\comp371_quiz2\project\framework\build\debug\vc142.pdb
c:\users\dot72\desktop\school stuff\comp 371\projects\comp371_quiz2\project\framework\build\debug\vc142.idb
c:\users\dot72\desktop\school stuff\comp 371\projects\comp371_quiz2\project\framework\build\debug\stb_image.obj
c:\users\dot72\desktop\school stuff\comp 371\projects\comp371_quiz2\project\framework\build\debug\sphere.obj
c:\users\dot72\desktop\school stuff\comp 371\projects\comp371_quiz2\project\framework\build\debug\main.obj
c:\users\dot72\desktop\school stuff\comp 371\projects\comp371_quiz2\project\framework\build\debug\cube.obj
c:\users\dot72\desktop\school stuff\comp 371\projects\rubiks_cube\project\framework\build\debug\vc142.pdb
c:\users\dot72\desktop\school stuff\comp 371\projects\rubiks_cube\project\framework\build\debug\vc142.idb
c:\users\dot72\desktop\school stuff\comp 371\projects\rubiks_cube\project\framework\build\debug\stb_image.obj
c:\users\dot72\desktop\school stuff\comp 371\projects\rubiks_cube\project\framework\build\debug\sphere.obj
c:\users\dot72\desktop\school stuff\comp 371\projects\rubiks_cube\project\framework\build\debug\main.obj
c:\users\dot72\desktop\school stuff\comp 371\projects\rubiks_cube\project\framework\build\debug\cube.obj
c:\users\dot72\desktop\school stuff\comp 371\projects\rubiks_cube\project\framework\build\debug\rubiks_cube.obj
c:\users\dot72\desktop\school stuff\comp 371\projects\project_1.2\comp371_project\project\framework\bin\labs-debug.exe
c:\users\dot72\desktop\school stuff\comp 371\projects\project_1.2\comp371_project\project\framework\bin\labs-debug.ilk
c:\users\dot72\desktop\school stuff\comp 371\projects\project_1.2\comp371_project\project\framework\bin\labs-debug.pdb
c:\users\dot72\desktop\school stuff\comp 371\projects\comp371_quiz2\project\framework\bin\labs-debug.exe
c:\users\dot72\desktop\school stuff\comp 371\projects\comp371_quiz2\project\framework\bin\labs-debug.ilk
c:\users\dot72\desktop\school stuff\comp 371\projects\comp371_quiz2\project\framework\bin\labs-debug.pdb
c:\users\dot72\desktop\school stuff\comp 371\projects\rubiks_cube\project\framework\bin\labs-debug.exe
c:\users\dot72\desktop\school stuff\comp 371\projects\rubiks_cube\project\framework\bin\labs-debug.ilk
c:\users\dot72\desktop\school stuff\comp 371\projects\rubiks_cube\project\framework\bin\labs-debug.pdb
d:\gl\comp371_project2\rubiks-cube\project\framework\build\debug\cube.obj
d:\gl\comp371_project2\rubiks-cube\project\framework\build\debug\main.obj
d:\gl\comp371_project2\rubiks-cube\project\framework\build\debug\rubiks_cube.obj
d:\gl\comp371_project2\rubiks-cube\project\framework\build\debug\sphere.obj
d:\gl\comp371_project2\rubiks-cube\project\framework\build\debug\stb_image.obj
d:\gl\comp371_project2\rubiks-cube\project\framework\build\debug\main.obj.enc
d:\gl\comp371_project2\rubiks-cube\project\framework\build\debug\vc142.idb
d:\gl\comp371_project2\rubiks-cube\project\framework\build\debug\vc142.pdb
d:\gl\comp371_project2\rubiks-cube\project\framework\vs2017\/../bin/labs-debug.pdb
d:\gl\comp371_project2\rubiks-cube\project\framework\vs2017\/../bin/labs-debug.exe
d:\gl\comp371_project2\rubiks-cube\project\framework\vs2017\/../bin/labs-debug.ilk
d:\gl\comp371_project2\rubiks-cube\project\framework\build\debug\labs.tlog\cl.command.1.tlog
d:\gl\comp371_project2\rubiks-cube\project\framework\build\debug\labs.tlog\cl.read.1.tlog
d:\gl\comp371_project2\rubiks-cube\project\framework\build\debug\labs.tlog\cl.write.1.tlog
d:\gl\comp371_project2\rubiks-cube\project\framework\build\debug\labs.tlog\link.command.1.tlog
d:\gl\comp371_project2\rubiks-cube\project\framework\build\debug\labs.tlog\link.read.1.tlog
d:\gl\comp371_project2\rubiks-cube\project\framework\build\debug\labs.tlog\link.write.1.tlog
