C:\Program Files (x86)\Microsoft Visual Studio\2019\Community\MSBuild\Microsoft\VC\v160\Microsoft.CppBuild.targets(491,5): warning MSB8028: The intermediate directory (C:\Users\dot72\Desktop\school stuff\COMP 371\Projects\rubiks_cube\Project\Framework\VS2017\/../Build/Debug/) contains files shared from another project (Project.vcxproj).  This can lead to incorrect clean and rebuild behavior.
  main.cpp
C:\Users\dot72\Desktop\school stuff\COMP 371\Projects\rubiks_cube\Project\Framework\VS2017\shader_compile.h(58,35): warning C4101: 'e': unreferenced local variable
C:\Users\dot72\Desktop\school stuff\COMP 371\Projects\rubiks_cube\Project\Framework\VS2017\shaderloader.h(26,10): warning C4477: 'printf' : format string '%s' requires an argument of type 'char *', but variadic argument 1 has type 'std::string'
C:\Users\dot72\Desktop\school stuff\COMP 371\Projects\rubiks_cube\Project\Framework\VS2017\main.cpp(173,37): warning C4838: conversion from 'FT_Pos' to 'unsigned int' requires a narrowing conversion
C:\Users\dot72\Desktop\school stuff\COMP 371\Projects\rubiks_cube\Project\Framework\VS2017\main.cpp(443,25): warning C4244: 'initializing': conversion from 'double' to 'float', possible loss of data
C:\Users\dot72\Desktop\school stuff\COMP 371\Projects\rubiks_cube\Project\Framework\VS2017\main.cpp(544,18): warning C4244: 'initializing': conversion from 'double' to 'float', possible loss of data
C:\Users\dot72\Desktop\school stuff\COMP 371\Projects\rubiks_cube\Project\Framework\VS2017\main.cpp(608,53): warning C4244: 'argument': conversion from 'T' to 'int', possible loss of data
          with
          [
              T=float
          ]
C:\Users\dot72\Desktop\school stuff\COMP 371\Projects\rubiks_cube\Project\Framework\VS2017\main.cpp(616,52): warning C4244: 'argument': conversion from 'T' to 'int', possible loss of data
          with
          [
              T=float
          ]
C:\Users\dot72\Desktop\school stuff\COMP 371\Projects\rubiks_cube\Project\Framework\VS2017\main.cpp(624,53): warning C4244: 'argument': conversion from 'T' to 'int', possible loss of data
          with
          [
              T=float
          ]
C:\Users\dot72\Desktop\school stuff\COMP 371\Projects\rubiks_cube\Project\Framework\VS2017\main.cpp(632,52): warning C4244: 'argument': conversion from 'T' to 'int', possible loss of data
          with
          [
              T=float
          ]
C:\Users\dot72\Desktop\school stuff\COMP 371\Projects\rubiks_cube\Project\Framework\VS2017\main.cpp(640,53): warning C4244: 'argument': conversion from 'T' to 'int', possible loss of data
          with
          [
              T=float
          ]
C:\Users\dot72\Desktop\school stuff\COMP 371\Projects\rubiks_cube\Project\Framework\VS2017\main.cpp(648,52): warning C4244: 'argument': conversion from 'T' to 'int', possible loss of data
          with
          [
              T=float
          ]
C:\Users\dot72\Desktop\school stuff\COMP 371\Projects\rubiks_cube\Project\Framework\VS2017\main.cpp(946,28): warning C4244: '+=': conversion from 'double' to 'float', possible loss of data
C:\Users\dot72\Desktop\school stuff\COMP 371\Projects\rubiks_cube\Project\Framework\VS2017\main.cpp(951,27): warning C4305: '=': truncation from 'double' to 'float'
C:\Users\dot72\Desktop\school stuff\COMP 371\Projects\rubiks_cube\Project\Framework\VS2017\main.cpp(955,40): warning C4244: '+=': conversion from 'double' to 'float', possible loss of data
C:\Users\dot72\Desktop\school stuff\COMP 371\Projects\rubiks_cube\Project\Framework\VS2017\main.cpp(961,64): warning C4244: '-=': conversion from 'double' to 'float', possible loss of data
C:\Users\dot72\Desktop\school stuff\COMP 371\Projects\rubiks_cube\Project\Framework\VS2017\main.cpp(962,62): warning C4244: '-=': conversion from 'double' to 'float', possible loss of data
C:\Users\dot72\Desktop\school stuff\COMP 371\Projects\rubiks_cube\Project\Framework\VS2017\main.cpp(455,16): warning C4101: 'height': unreferenced local variable
C:\Users\dot72\Desktop\school stuff\COMP 371\Projects\rubiks_cube\Project\Framework\VS2017\main.cpp(455,9): warning C4101: 'width': unreferenced local variable
C:\Users\dot72\Desktop\school stuff\COMP 371\Projects\rubiks_cube\Project\Framework\VS2017\main.cpp(1130,26): warning C4244: 'return': conversion from 'int' to 'float', possible loss of data
C:\Users\dot72\Desktop\school stuff\COMP 371\Projects\rubiks_cube\Project\Framework\VS2017\main.cpp(1142,23): warning C4244: 'initializing': conversion from 'int' to 'float', possible loss of data
C:\Users\dot72\Desktop\school stuff\COMP 371\Projects\rubiks_cube\Project\Framework\VS2017\main.cpp(1143,22): warning C4244: 'initializing': conversion from 'int' to 'float', possible loss of data
C:\Users\dot72\Desktop\school stuff\COMP 371\Projects\rubiks_cube\Project\Framework\VS2017\main.cpp(1151,22): warning C4244: 'initializing': conversion from 'double' to 'float', possible loss of data
C:\Users\dot72\Desktop\school stuff\COMP 371\Projects\rubiks_cube\Project\Framework\VS2017\main.cpp(1152,21): warning C4244: 'initializing': conversion from 'double' to 'float', possible loss of data
C:\Users\dot72\Desktop\school stuff\COMP 371\Projects\rubiks_cube\Project\Framework\VS2017\main.cpp(1157,31): warning C4244: '=': conversion from 'double' to 'float', possible loss of data
C:\Users\dot72\Desktop\school stuff\COMP 371\Projects\rubiks_cube\Project\Framework\VS2017\main.cpp(1177,16): warning C4244: '=': conversion from 'float' to 'int', possible loss of data
C:\Users\dot72\Desktop\school stuff\COMP 371\Projects\rubiks_cube\Project\Framework\VS2017\main.cpp(1178,31): warning C4244: '=': conversion from 'float' to 'int', possible loss of data
C:\Users\dot72\Desktop\school stuff\COMP 371\Projects\rubiks_cube\Project\Framework\VS2017\main.cpp(1148,11): warning C4101: 'nx': unreferenced local variable
C:\Users\dot72\Desktop\school stuff\COMP 371\Projects\rubiks_cube\Project\Framework\VS2017\main.cpp(1148,15): warning C4101: 'ny': unreferenced local variable
C:\Users\dot72\Desktop\school stuff\COMP 371\Projects\rubiks_cube\Project\Framework\VS2017\main.cpp(1148,19): warning C4101: 'nz': unreferenced local variable
C:\Users\dot72\Desktop\school stuff\COMP 371\Projects\rubiks_cube\Project\Framework\VS2017\main.cpp(1149,11): warning C4101: 's': unreferenced local variable
C:\Users\dot72\Desktop\school stuff\COMP 371\Projects\rubiks_cube\Project\Framework\VS2017\main.cpp(1149,14): warning C4101: 't': unreferenced local variable
  Labs.vcxproj -> C:\Users\dot72\Desktop\school stuff\COMP 371\Projects\rubiks_cube\Project\Framework\VS2017\/../Bin/Labs-Debug.exe
